
> @eot/web@0.0.0 build /Users/hafizsuara/Projects/eot-intelligence-app/apps/web
> next build

   ▲ Next.js 15.4.5
   - Environments: .env.local
   - Experiments (use with caution):
     · webVitalsAttribution
     · optimizePackageImports

   Creating an optimized production build ...
 ✓ Compiled successfully in 1000ms
   Linting and checking validity of types ...
(node:80951) Warning: To load an ES module, set "type": "module" in the package.json or use the .mjs extension.
(Use `node --trace-warnings ...` to show where the warning was created)
 ⨯ ESLint: Cannot use import statement outside a module
Failed to compile.

./components/layout/Layout.tsx:2:37
Type error: Cannot find module 'react-router-dom' or its corresponding type declarations.

[0m [90m 1 |[39m [36mimport[39m [33mReact[39m [36mfrom[39m [32m'react'[39m[33m;[39m
[31m[1m>[22m[39m[90m 2 |[39m [36mimport[39m { [33mOutlet[39m[33m,[39m useLocation } [36mfrom[39m [32m'react-router-dom'[39m[33m;[39m
 [90m   |[39m                                     [31m[1m^[22m[39m
 [90m 3 |[39m [36mimport[39m [33mNavbar[39m [36mfrom[39m [32m'./Navbar'[39m[33m;[39m
 [90m 4 |[39m [36mimport[39m [33mSidebar[39m [36mfrom[39m [32m'./Sidebar'[39m[33m;[39m
 [90m 5 |[39m [36mimport[39m { cn } [36mfrom[39m [32m'../../lib/utils'[39m[33m;[39m[0m
Next.js build worker exited with code: 1 and signal: null
 ELIFECYCLE  Command failed with exit code 1.
